<?xml version="1.0" encoding="UTF-8"?>
<testng-results skipped="0" failed="0" ignored="0" total="1" passed="1">
  <reporter-output>
  </reporter-output>
  <suite name="Default suite" duration-ms="887" started-at="2020-10-05T09:07:10Z" finished-at="2020-10-05T09:07:11Z">
    <groups>
      <group name="cucumber">
        <method signature="AbstractTestNGCucumberTests.feature(cucumber.api.testng.CucumberFeatureWrapper)[pri:0, instance:runner.TestRunner@4b5d6a01]" name="feature" class="cucumber.api.testng.AbstractTestNGCucumberTests"/>
      </group> <!-- cucumber -->
    </groups>
    <test name="Default test" duration-ms="887" started-at="2020-10-05T09:07:10Z" finished-at="2020-10-05T09:07:11Z">
      <class name="runner.TestRunner">
        <test-method status="PASS" signature="startDriver(java.lang.String)[pri:0, instance:runner.TestRunner@4b5d6a01]" name="startDriver" is-config="true" duration-ms="8546" started-at="2020-10-05T09:07:02Z" finished-at="2020-10-05T09:07:10Z">
          <params>
            <param index="0">
              <value>
                <![CDATA[chrome]]>
              </value>
            </param>
          </params>
          <reporter-output>
          </reporter-output>
        </test-method> <!-- startDriver -->
        <test-method status="PASS" signature="setUpClass()[pri:0, instance:runner.TestRunner@4b5d6a01]" name="setUpClass" is-config="true" duration-ms="352" started-at="2020-10-05T09:07:10Z" finished-at="2020-10-05T09:07:11Z">
          <reporter-output>
          </reporter-output>
        </test-method> <!-- setUpClass -->
        <test-method status="PASS" signature="feature(cucumber.api.testng.CucumberFeatureWrapper)[pri:0, instance:runner.TestRunner@4b5d6a01]" name="feature" duration-ms="432" started-at="2020-10-05T09:07:11Z" description="Runs Cucumber Feature" data-provider="features" finished-at="2020-10-05T09:07:11Z">
          <params>
            <param index="0">
              <value>
                <![CDATA[SalesForce Login]]>
              </value>
            </param>
          </params>
          <reporter-output>
          </reporter-output>
        </test-method> <!-- feature -->
        <test-method status="PASS" signature="screenshotOnFailure(org.testng.ITestResult)[pri:0, instance:runner.TestRunner@4b5d6a01]" name="screenshotOnFailure" is-config="true" duration-ms="1" started-at="2020-10-05T09:07:11Z" finished-at="2020-10-05T09:07:11Z">
          <params>
            <param index="0">
              <value>
                <![CDATA[[TestResult name=feature status=SUCCESS method=AbstractTestNGCucumberTests.feature(cucumber.api.testng.CucumberFeatureWrapper)[pri:0, instance:runner.TestRunner@4b5d6a01] output={null}]]]>
              </value>
            </param>
          </params>
          <reporter-output>
          </reporter-output>
        </test-method> <!-- screenshotOnFailure -->
        <test-method status="PASS" signature="tearDownClass()[pri:0, instance:runner.TestRunner@4b5d6a01]" name="tearDownClass" is-config="true" duration-ms="9" started-at="2020-10-05T09:07:11Z" finished-at="2020-10-05T09:07:11Z">
          <reporter-output>
          </reporter-output>
        </test-method> <!-- tearDownClass -->
        <test-method status="PASS" signature="stopDriver()[pri:0, instance:runner.TestRunner@4b5d6a01]" name="stopDriver" is-config="true" duration-ms="662" started-at="2020-10-05T09:07:11Z" finished-at="2020-10-05T09:07:12Z">
          <reporter-output>
          </reporter-output>
        </test-method> <!-- stopDriver -->
      </class> <!-- runner.TestRunner -->
    </test> <!-- Default test -->
  </suite> <!-- Default suite -->
</testng-results>
